2025-06-22 19:05:29,611 - Starting insider trading analysis...
2025-06-22 19:05:29,611 - Analyzing AAPL...
2025-06-22 19:05:30,112 - HIGH RISK: AAPL score 6.31
2025-06-22 19:05:30,112 - Analyzing GOOGL...
2025-06-22 19:05:30,227 - HIGH RISK: GOOGL score 18.54
2025-06-22 19:05:30,227 - Analyzing MSFT...
2025-06-22 19:05:30,369 - HIGH RISK: MSFT score 15.27
2025-06-22 19:05:30,377 - Analyzing AMZN...
2025-06-22 19:05:30,476 - HIGH RISK: AMZN score 8.07
2025-06-22 19:05:30,476 - Analyzing TSLA...
2025-06-22 19:05:30,561 - HIGH RISK: TSLA score 5.75
2025-06-22 19:05:30,562 - HIGH RISK: TSLA score 5.37
2025-06-22 19:05:30,562 - HIGH RISK: TSLA score 9.8
2025-06-22 19:05:30,562 - HIGH RISK: TSLA score 6.75
2025-06-22 19:05:30,562 - HIGH RISK: TSLA score 6.94
2025-06-22 19:05:30,563 - HIGH RISK: TSLA score 23.3
2025-06-22 19:05:30,563 - HIGH RISK: TSLA score 5.67
2025-06-22 19:05:30,566 - HIGH RISK ALERT: 11 anomalies detected
2025-06-22 19:05:30,567 -   AAPL: Score 6.31
2025-06-22 19:05:30,567 -   GOOGL: Score 18.54
2025-06-22 19:05:30,568 -   MSFT: Score 15.27
2025-06-22 19:05:30,568 -   AMZN: Score 8.07
2025-06-22 19:05:30,568 -   TSLA: Score 5.75
2025-06-22 19:05:30,568 -   TSLA: Score 5.37
2025-06-22 19:05:30,568 -   TSLA: Score 9.8
2025-06-22 19:05:30,569 -   TSLA: Score 6.75
2025-06-22 19:05:30,569 -   TSLA: Score 6.94
2025-06-22 19:05:30,569 -   TSLA: Score 23.3
2025-06-22 19:05:30,569 -   TSLA: Score 5.67
2025-06-22 19:05:30,570 - Email alerts not configured
2025-06-22 19:05:30,570 - Analysis complete. Found 37 anomalies, 11 high-risk
2025-06-22 19:06:03,115 - Starting insider trading analysis...
2025-06-22 19:06:03,116 - Analyzing AAPL...
2025-06-22 19:06:03,382 - HIGH RISK: AAPL score 6.31
2025-06-22 19:06:03,383 - Analyzing GOOGL...
2025-06-22 19:06:03,499 - HIGH RISK: GOOGL score 18.54
2025-06-22 19:06:03,500 - Analyzing MSFT...
2025-06-22 19:06:03,718 - HIGH RISK: MSFT score 15.27
2025-06-22 19:06:03,718 - Analyzing AMZN...
2025-06-22 19:06:03,853 - HIGH RISK: AMZN score 8.07
2025-06-22 19:06:03,853 - Analyzing TSLA...
2025-06-22 19:06:03,976 - HIGH RISK: TSLA score 5.75
2025-06-22 19:06:03,976 - HIGH RISK: TSLA score 5.37
2025-06-22 19:06:03,976 - HIGH RISK: TSLA score 9.8
2025-06-22 19:06:03,976 - HIGH RISK: TSLA score 6.75
2025-06-22 19:06:03,976 - HIGH RISK: TSLA score 6.94
2025-06-22 19:06:03,977 - HIGH RISK: TSLA score 23.3
2025-06-22 19:06:03,977 - HIGH RISK: TSLA score 5.67
2025-06-22 19:06:03,978 - HIGH RISK ALERT: 11 anomalies detected
2025-06-22 19:06:03,978 -   AAPL: Score 6.31
2025-06-22 19:06:03,978 -   GOOGL: Score 18.54
2025-06-22 19:06:03,978 -   MSFT: Score 15.27
2025-06-22 19:06:03,978 -   AMZN: Score 8.07
2025-06-22 19:06:03,979 -   TSLA: Score 5.75
2025-06-22 19:06:03,979 -   TSLA: Score 5.37
2025-06-22 19:06:03,979 -   TSLA: Score 9.8
2025-06-22 19:06:03,979 -   TSLA: Score 6.75
2025-06-22 19:06:03,979 -   TSLA: Score 6.94
2025-06-22 19:06:03,979 -   TSLA: Score 23.3
2025-06-22 19:06:03,979 -   TSLA: Score 5.67
2025-06-22 19:06:03,979 - Email alerts not configured
2025-06-22 19:06:03,979 - Analysis complete. Found 37 anomalies, 11 high-risk
